{
  "RSpec": {
    "coverage": {
      "/Users/zoehopkins/Documents/Projects/presentAR/app/controllers/assets_controller.rb": [
        1,
        1,
        null,
        null,
        null,
        1,
        9,
        null,
        null,
        null,
        null,
        1,
        null,
        null,
        null,
        1,
        5,
        null,
        null,
        null,
        1,
        null,
        null,
        null,
        null,
        1,
        4,
        4,
        4,
        4,
        8,
        4,
        null,
        0,
        0,
        null,
        null,
        null,
        null,
        null,
        null,
        1,
        0,
        0,
        0,
        0,
        null,
        0,
        0,
        null,
        null,
        null,
        null,
        null,
        null,
        1,
        0,
        0,
        0,
        0,
        null,
        null,
        null,
        1,
        null,
        1,
        5,
        null,
        null,
        null,
        1,
        4,
        null,
        null
      ],
      "/Users/zoehopkins/Documents/Projects/presentAR/app/controllers/application_controller.rb": [
        1,
        1,
        null
      ],
      "/Users/zoehopkins/Documents/Projects/presentAR/app/models/asset.rb": [
        1,
        1,
        1,
        1,
        null
      ],
      "/Users/zoehopkins/Documents/Projects/presentAR/app/models/application_record.rb": [
        1,
        1,
        null
      ]
    },
    "timestamp": 1510162860
  }
}
